Terminals unused in grammar

   POW_OP
   UMINUS
   POST_INC_OP
   PRE_INC_OP
   POST_DEC_OP
   PRE_DEC_OP
   REPEAT
   UNTIL
   RETURN


Grammar

    0 $accept: begin $end

    1 begin: program

    2 program: program statement
    3        | statement

    4 statement: expression_statement
    5          | selection_statement
    6          | loop_statement
    7          | jump_statement NEW_LINE
    8          | io_statement
    9          | statement error NEW_LINE

   10 statement_list: statement
   11               | statement_list statement

   12 expression_statement: expression NEW_LINE
   13                     | NEW_LINE

   14 expression: assignment_expression
   15           | expression ',' assignment_expression

   16 assignment_expression: conditional_expression
   17                      | IDENTIFIER '=' conditional_expression
   18                      | IDENTIFIER AND_ASSIGN conditional_expression
   19                      | IDENTIFIER OR_ASSIGN conditional_expression
   20                      | IDENTIFIER XOR_ASSIGN conditional_expression
   21                      | IDENTIFIER ADD_ASSIGN conditional_expression
   22                      | IDENTIFIER MUL_ASSIGN conditional_expression
   23                      | IDENTIFIER DIV_ASSIGN conditional_expression
   24                      | IDENTIFIER SUB_ASSIGN conditional_expression
   25                      | IDENTIFIER MOD_ASSIGN conditional_expression

   26 conditional_expression: logical_or_expression
   27                       | logical_or_expression '?' expression ':' conditional_expression

   28 logical_or_expression: logical_and_expression
   29                      | logical_or_expression OR_OP logical_and_expression

   30 logical_and_expression: or_expression
   31                       | logical_and_expression AND_OP or_expression

   32 or_expression: xor_expression
   33              | or_expression '|' xor_expression

   34 xor_expression: and_expression
   35               | xor_expression '^' and_expression

   36 and_expression: equality_expression
   37               | and_expression '&' equality_expression

   38 equality_expression: relational_expression
   39                    | equality_expression EQ_OP relational_expression
   40                    | equality_expression NE_OP relational_expression

   41 relational_expression: additive_expression
   42                      | relational_expression '<' additive_expression
   43                      | relational_expression '>' additive_expression
   44                      | relational_expression GE_OP additive_expression
   45                      | relational_expression LE_OP additive_expression

   46 additive_expression: multiplicative_expression
   47                    | additive_expression '+' multiplicative_expression
   48                    | additive_expression '-' multiplicative_expression

   49 multiplicative_expression: cast_expression
   50                          | multiplicative_expression '*' cast_expression
   51                          | multiplicative_expression '%' cast_expression
   52                          | multiplicative_expression '/' cast_expression

   53 cast_expression: unary_expression
   54                | '(' INT ')' cast_expression
   55                | '(' STRING ')' cast_expression

   56 unary_expression: postfix_expression
   57                 | INC_OP unary_expression
   58                 | DEC_OP unary_expression
   59                 | '-' cast_expression
   60                 | '+' cast_expression
   61                 | '!' cast_expression
   62                 | '~' cast_expression

   63 postfix_expression: primary_expression
   64                   | postfix_expression INC_OP
   65                   | postfix_expression DEC_OP

   66 primary_expression: IDENTIFIER
   67                   | REAL
   68                   | NUM
   69                   | STRING_LITERAL
   70                   | '(' expression ')'

   71 selection_statement: IF expression NEW_LINE statement_list END NEW_LINE
   72                    | IF expression NEW_LINE statement_list ELSE NEW_LINE statement_list END NEW_LINE

   73 $@1: %empty

   74 loop_statement: WHILE expression NEW_LINE $@1 statement_list END NEW_LINE

   75 $@2: %empty

   76 loop_statement: FOR IDENTIFIER '=' expression TO expression NEW_LINE $@2 statement_list END NEW_LINE

   77 jump_statement: BREAK
   78               | CONTINUE

   79 io_statement: PRINT expression NEW_LINE
   80             | INPUT '(' INT ')' IDENTIFIER NEW_LINE
   81             | INPUT '(' FLOAT ')' IDENTIFIER NEW_LINE
   82             | INPUT '(' STRING ')' IDENTIFIER NEW_LINE


Terminals, with rules where they appear

$end (0) 0
'!' (33) 61
'%' (37) 51
'&' (38) 37
'(' (40) 54 55 70 80 81 82
')' (41) 54 55 70 80 81 82
'*' (42) 50
'+' (43) 47 60
',' (44) 15
'-' (45) 48 59
'/' (47) 52
':' (58) 27
'<' (60) 42
'=' (61) 17 76
'>' (62) 43
'?' (63) 27
'^' (94) 35
'|' (124) 33
'~' (126) 62
error (256) 9
IDENTIFIER (258) 17 18 19 20 21 22 23 24 25 66 76 80 81 82
NUM (259) 68
REAL (260) 67
STRING_LITERAL (261) 69
INT (262) 54 80
FLOAT (263) 81
STRING (264) 55 82
INC_OP (265) 57 64
DEC_OP (266) 58 65
LE_OP (267) 45
GE_OP (268) 44
EQ_OP (269) 39
NE_OP (270) 40
POW_OP (271)
UMINUS (272)
POST_INC_OP (273)
PRE_INC_OP (274)
POST_DEC_OP (275)
PRE_DEC_OP (276)
AND_OP (277) 31
OR_OP (278) 29
MUL_ASSIGN (279) 22
DIV_ASSIGN (280) 23
MOD_ASSIGN (281) 25
ADD_ASSIGN (282) 21
SUB_ASSIGN (283) 24
AND_ASSIGN (284) 18
XOR_ASSIGN (285) 20
OR_ASSIGN (286) 19
NEW_LINE (287) 7 9 12 13 71 72 74 76 79 80 81 82
INPUT (288) 80 81 82
PRINT (289) 79
END (290) 71 72 74 76
IF (291) 71 72
ELSE (292) 72
WHILE (293) 74
FOR (294) 76
REPEAT (295)
UNTIL (296)
CONTINUE (297) 78
BREAK (298) 77
RETURN (299)
TO (300) 76


Nonterminals, with rules where they appear

$accept (64)
    on left: 0
begin (65)
    on left: 1, on right: 0
program (66)
    on left: 2 3, on right: 1 2
statement (67)
    on left: 4 5 6 7 8 9, on right: 2 3 9 10 11
statement_list (68)
    on left: 10 11, on right: 11 71 72 74 76
expression_statement (69)
    on left: 12 13, on right: 4
expression (70)
    on left: 14 15, on right: 12 15 27 70 71 72 74 76 79
assignment_expression (71)
    on left: 16 17 18 19 20 21 22 23 24 25, on right: 14 15
conditional_expression (72)
    on left: 26 27, on right: 16 17 18 19 20 21 22 23 24 25 27
logical_or_expression (73)
    on left: 28 29, on right: 26 27 29
logical_and_expression (74)
    on left: 30 31, on right: 28 29 31
or_expression (75)
    on left: 32 33, on right: 30 31 33
xor_expression (76)
    on left: 34 35, on right: 32 33 35
and_expression (77)
    on left: 36 37, on right: 34 35 37
equality_expression (78)
    on left: 38 39 40, on right: 36 37 39 40
relational_expression (79)
    on left: 41 42 43 44 45, on right: 38 39 40 42 43 44 45
additive_expression (80)
    on left: 46 47 48, on right: 41 42 43 44 45 47 48
multiplicative_expression (81)
    on left: 49 50 51 52, on right: 46 47 48 50 51 52
cast_expression (82)
    on left: 53 54 55, on right: 49 50 51 52 54 55 59 60 61 62
unary_expression (83)
    on left: 56 57 58 59 60 61 62, on right: 53 57 58
postfix_expression (84)
    on left: 63 64 65, on right: 56 64 65
primary_expression (85)
    on left: 66 67 68 69 70, on right: 63
selection_statement (86)
    on left: 71 72, on right: 5
loop_statement (87)
    on left: 74 76, on right: 6
$@1 (88)
    on left: 73, on right: 74
$@2 (89)
    on left: 75, on right: 76
jump_statement (90)
    on left: 77 78, on right: 7
io_statement (91)
    on left: 79 80 81 82, on right: 8


State 0

    0 $accept: . begin $end

    IDENTIFIER      shift, and go to state 1
    NUM             shift, and go to state 2
    REAL            shift, and go to state 3
    STRING_LITERAL  shift, and go to state 4
    INC_OP          shift, and go to state 5
    DEC_OP          shift, and go to state 6
    NEW_LINE        shift, and go to state 7
    INPUT           shift, and go to state 8
    PRINT           shift, and go to state 9
    IF              shift, and go to state 10
    WHILE           shift, and go to state 11
    FOR             shift, and go to state 12
    CONTINUE        shift, and go to state 13
    BREAK           shift, and go to state 14
    '+'             shift, and go to state 15
    '-'             shift, and go to state 16
    '('             shift, and go to state 17
    '!'             shift, and go to state 18
    '~'             shift, and go to state 19

    begin                      go to state 20
    program                    go to state 21
    statement                  go to state 22
    expression_statement       go to state 23
    expression                 go to state 24
    assignment_expression      go to state 25
    conditional_expression     go to state 26
    logical_or_expression      go to state 27
    logical_and_expression     go to state 28
    or_expression              go to state 29
    xor_expression             go to state 30
    and_expression             go to state 31
    equality_expression        go to state 32
    relational_expression      go to state 33
    additive_expression        go to state 34
    multiplicative_expression  go to state 35
    cast_expression            go to state 36
    unary_expression           go to state 37
    postfix_expression         go to state 38
    primary_expression         go to state 39
    selection_statement        go to state 40
    loop_statement             go to state 41
    jump_statement             go to state 42
    io_statement               go to state 43


State 1

   17 assignment_expression: IDENTIFIER . '=' conditional_expression
   18                      | IDENTIFIER . AND_ASSIGN conditional_expression
   19                      | IDENTIFIER . OR_ASSIGN conditional_expression
   20                      | IDENTIFIER . XOR_ASSIGN conditional_expression
   21                      | IDENTIFIER . ADD_ASSIGN conditional_expression
   22                      | IDENTIFIER . MUL_ASSIGN conditional_expression
   23                      | IDENTIFIER . DIV_ASSIGN conditional_expression
   24                      | IDENTIFIER . SUB_ASSIGN conditional_expression
   25                      | IDENTIFIER . MOD_ASSIGN conditional_expression
   66 primary_expression: IDENTIFIER .

    MUL_ASSIGN  shift, and go to state 44
    DIV_ASSIGN  shift, and go to state 45
    MOD_ASSIGN  shift, and go to state 46
    ADD_ASSIGN  shift, and go to state 47
    SUB_ASSIGN  shift, and go to state 48
    AND_ASSIGN  shift, and go to state 49
    XOR_ASSIGN  shift, and go to state 50
    OR_ASSIGN   shift, and go to state 51
    '='         shift, and go to state 52

    $default  reduce using rule 66 (primary_expression)


State 2

   68 primary_expression: NUM .

    $default  reduce using rule 68 (primary_expression)


State 3

   67 primary_expression: REAL .

    $default  reduce using rule 67 (primary_expression)


State 4

   69 primary_expression: STRING_LITERAL .

    $default  reduce using rule 69 (primary_expression)


State 5

   57 unary_expression: INC_OP . unary_expression

    IDENTIFIER      shift, and go to state 53
    NUM             shift, and go to state 2
    REAL            shift, and go to state 3
    STRING_LITERAL  shift, and go to state 4
    INC_OP          shift, and go to state 5
    DEC_OP          shift, and go to state 6
    '+'             shift, and go to state 15
    '-'             shift, and go to state 16
    '('             shift, and go to state 54
    '!'             shift, and go to state 18
    '~'             shift, and go to state 19

    unary_expression    go to state 55
    postfix_expression  go to state 38
    primary_expression  go to state 39


State 6

   58 unary_expression: DEC_OP . unary_expression

    IDENTIFIER      shift, and go to state 53
    NUM             shift, and go to state 2
    REAL            shift, and go to state 3
    STRING_LITERAL  shift, and go to state 4
    INC_OP          shift, and go to state 5
    DEC_OP          shift, and go to state 6
    '+'             shift, and go to state 15
    '-'             shift, and go to state 16
    '('             shift, and go to state 54
    '!'             shift, and go to state 18
    '~'             shift, and go to state 19

    unary_expression    go to state 56
    postfix_expression  go to state 38
    primary_expression  go to state 39


State 7

   13 expression_statement: NEW_LINE .

    $default  reduce using rule 13 (expression_statement)


State 8

   80 io_statement: INPUT . '(' INT ')' IDENTIFIER NEW_LINE
   81             | INPUT . '(' FLOAT ')' IDENTIFIER NEW_LINE
   82             | INPUT . '(' STRING ')' IDENTIFIER NEW_LINE

    '('  shift, and go to state 57


State 9

   79 io_statement: PRINT . expression NEW_LINE

    IDENTIFIER      shift, and go to state 1
    NUM             shift, and go to state 2
    REAL            shift, and go to state 3
    STRING_LITERAL  shift, and go to state 4
    INC_OP          shift, and go to state 5
    DEC_OP          shift, and go to state 6
    '+'             shift, and go to state 15
    '-'             shift, and go to state 16
    '('             shift, and go to state 17
    '!'             shift, and go to state 18
    '~'             shift, and go to state 19

    expression                 go to state 58
    assignment_expression      go to state 25
    conditional_expression     go to state 26
    logical_or_expression      go to state 27
    logical_and_expression     go to state 28
    or_expression              go to state 29
    xor_expression             go to state 30
    and_expression             go to state 31
    equality_expression        go to state 32
    relational_expression      go to state 33
    additive_expression        go to state 34
    multiplicative_expression  go to state 35
    cast_expression            go to state 36
    unary_expression           go to state 37
    postfix_expression         go to state 38
    primary_expression         go to state 39


State 10

   71 selection_statement: IF . expression NEW_LINE statement_list END NEW_LINE
   72                    | IF . expression NEW_LINE statement_list ELSE NEW_LINE statement_list END NEW_LINE

    IDENTIFIER      shift, and go to state 1
    NUM             shift, and go to state 2
    REAL            shift, and go to state 3
    STRING_LITERAL  shift, and go to state 4
    INC_OP          shift, and go to state 5
    DEC_OP          shift, and go to state 6
    '+'             shift, and go to state 15
    '-'             shift, and go to state 16
    '('             shift, and go to state 17
    '!'             shift, and go to state 18
    '~'             shift, and go to state 19

    expression                 go to state 59
    assignment_expression      go to state 25
    conditional_expression     go to state 26
    logical_or_expression      go to state 27
    logical_and_expression     go to state 28
    or_expression              go to state 29
    xor_expression             go to state 30
    and_expression             go to state 31
    equality_expression        go to state 32
    relational_expression      go to state 33
    additive_expression        go to state 34
    multiplicative_expression  go to state 35
    cast_expression            go to state 36
    unary_expression           go to state 37
    postfix_expression         go to state 38
    primary_expression         go to state 39


State 11

   74 loop_statement: WHILE . expression NEW_LINE $@1 statement_list END NEW_LINE

    IDENTIFIER      shift, and go to state 1
    NUM             shift, and go to state 2
    REAL            shift, and go to state 3
    STRING_LITERAL  shift, and go to state 4
    INC_OP          shift, and go to state 5
    DEC_OP          shift, and go to state 6
    '+'             shift, and go to state 15
    '-'             shift, and go to state 16
    '('             shift, and go to state 17
    '!'             shift, and go to state 18
    '~'             shift, and go to state 19

    expression                 go to state 60
    assignment_expression      go to state 25
    conditional_expression     go to state 26
    logical_or_expression      go to state 27
    logical_and_expression     go to state 28
    or_expression              go to state 29
    xor_expression             go to state 30
    and_expression             go to state 31
    equality_expression        go to state 32
    relational_expression      go to state 33
    additive_expression        go to state 34
    multiplicative_expression  go to state 35
    cast_expression            go to state 36
    unary_expression           go to state 37
    postfix_expression         go to state 38
    primary_expression         go to state 39


State 12

   76 loop_statement: FOR . IDENTIFIER '=' expression TO expression NEW_LINE $@2 statement_list END NEW_LINE

    IDENTIFIER  shift, and go to state 61


State 13

   78 jump_statement: CONTINUE .

    $default  reduce using rule 78 (jump_statement)


State 14

   77 jump_statement: BREAK .

    $default  reduce using rule 77 (jump_statement)


State 15

   60 unary_expression: '+' . cast_expression

    IDENTIFIER      shift, and go to state 53
    NUM             shift, and go to state 2
    REAL            shift, and go to state 3
    STRING_LITERAL  shift, and go to state 4
    INC_OP          shift, and go to state 5
    DEC_OP          shift, and go to state 6
    '+'             shift, and go to state 15
    '-'             shift, and go to state 16
    '('             shift, and go to state 17
    '!'             shift, and go to state 18
    '~'             shift, and go to state 19

    cast_expression     go to state 62
    unary_expression    go to state 37
    postfix_expression  go to state 38
    primary_expression  go to state 39


State 16

   59 unary_expression: '-' . cast_expression

    IDENTIFIER      shift, and go to state 53
    NUM             shift, and go to state 2
    REAL            shift, and go to state 3
    STRING_LITERAL  shift, and go to state 4
    INC_OP          shift, and go to state 5
    DEC_OP          shift, and go to state 6
    '+'             shift, and go to state 15
    '-'             shift, and go to state 16
    '('             shift, and go to state 17
    '!'             shift, and go to state 18
    '~'             shift, and go to state 19

    cast_expression     go to state 63
    unary_expression    go to state 37
    postfix_expression  go to state 38
    primary_expression  go to state 39


State 17

   54 cast_expression: '(' . INT ')' cast_expression
   55                | '(' . STRING ')' cast_expression
   70 primary_expression: '(' . expression ')'

    IDENTIFIER      shift, and go to state 1
    NUM             shift, and go to state 2
    REAL            shift, and go to state 3
    STRING_LITERAL  shift, and go to state 4
    INT             shift, and go to state 64
    STRING          shift, and go to state 65
    INC_OP          shift, and go to state 5
    DEC_OP          shift, and go to state 6
    '+'             shift, and go to state 15
    '-'             shift, and go to state 16
    '('             shift, and go to state 17
    '!'             shift, and go to state 18
    '~'             shift, and go to state 19

    expression                 go to state 66
    assignment_expression      go to state 25
    conditional_expression     go to state 26
    logical_or_expression      go to state 27
    logical_and_expression     go to state 28
    or_expression              go to state 29
    xor_expression             go to state 30
    and_expression             go to state 31
    equality_expression        go to state 32
    relational_expression      go to state 33
    additive_expression        go to state 34
    multiplicative_expression  go to state 35
    cast_expression            go to state 36
    unary_expression           go to state 37
    postfix_expression         go to state 38
    primary_expression         go to state 39


State 18

   61 unary_expression: '!' . cast_expression

    IDENTIFIER      shift, and go to state 53
    NUM             shift, and go to state 2
    REAL            shift, and go to state 3
    STRING_LITERAL  shift, and go to state 4
    INC_OP          shift, and go to state 5
    DEC_OP          shift, and go to state 6
    '+'             shift, and go to state 15
    '-'             shift, and go to state 16
    '('             shift, and go to state 17
    '!'             shift, and go to state 18
    '~'             shift, and go to state 19

    cast_expression     go to state 67
    unary_expression    go to state 37
    postfix_expression  go to state 38
    primary_expression  go to state 39


State 19

   62 unary_expression: '~' . cast_expression

    IDENTIFIER      shift, and go to state 53
    NUM             shift, and go to state 2
    REAL            shift, and go to state 3
    STRING_LITERAL  shift, and go to state 4
    INC_OP          shift, and go to state 5
    DEC_OP          shift, and go to state 6
    '+'             shift, and go to state 15
    '-'             shift, and go to state 16
    '('             shift, and go to state 17
    '!'             shift, and go to state 18
    '~'             shift, and go to state 19

    cast_expression     go to state 68
    unary_expression    go to state 37
    postfix_expression  go to state 38
    primary_expression  go to state 39


State 20

    0 $accept: begin . $end

    $end  shift, and go to state 69


State 21

    1 begin: program .
    2 program: program . statement

    IDENTIFIER      shift, and go to state 1
    NUM             shift, and go to state 2
    REAL            shift, and go to state 3
    STRING_LITERAL  shift, and go to state 4
    INC_OP          shift, and go to state 5
    DEC_OP          shift, and go to state 6
    NEW_LINE        shift, and go to state 7
    INPUT           shift, and go to state 8
    PRINT           shift, and go to state 9
    IF              shift, and go to state 10
    WHILE           shift, and go to state 11
    FOR             shift, and go to state 12
    CONTINUE        shift, and go to state 13
    BREAK           shift, and go to state 14
    '+'             shift, and go to state 15
    '-'             shift, and go to state 16
    '('             shift, and go to state 17
    '!'             shift, and go to state 18
    '~'             shift, and go to state 19

    $default  reduce using rule 1 (begin)

    statement                  go to state 70
    expression_statement       go to state 23
    expression                 go to state 24
    assignment_expression      go to state 25
    conditional_expression     go to state 26
    logical_or_expression      go to state 27
    logical_and_expression     go to state 28
    or_expression              go to state 29
    xor_expression             go to state 30
    and_expression             go to state 31
    equality_expression        go to state 32
    relational_expression      go to state 33
    additive_expression        go to state 34
    multiplicative_expression  go to state 35
    cast_expression            go to state 36
    unary_expression           go to state 37
    postfix_expression         go to state 38
    primary_expression         go to state 39
    selection_statement        go to state 40
    loop_statement             go to state 41
    jump_statement             go to state 42
    io_statement               go to state 43


State 22

    3 program: statement .
    9 statement: statement . error NEW_LINE

    error  shift, and go to state 71

    $end            reduce using rule 3 (program)
    IDENTIFIER      reduce using rule 3 (program)
    NUM             reduce using rule 3 (program)
    REAL            reduce using rule 3 (program)
    STRING_LITERAL  reduce using rule 3 (program)
    INC_OP          reduce using rule 3 (program)
    DEC_OP          reduce using rule 3 (program)
    NEW_LINE        reduce using rule 3 (program)
    INPUT           reduce using rule 3 (program)
    PRINT           reduce using rule 3 (program)
    IF              reduce using rule 3 (program)
    WHILE           reduce using rule 3 (program)
    FOR             reduce using rule 3 (program)
    CONTINUE        reduce using rule 3 (program)
    BREAK           reduce using rule 3 (program)
    '+'             reduce using rule 3 (program)
    '-'             reduce using rule 3 (program)
    '('             reduce using rule 3 (program)
    '!'             reduce using rule 3 (program)
    '~'             reduce using rule 3 (program)


State 23

    4 statement: expression_statement .

    $default  reduce using rule 4 (statement)


State 24

   12 expression_statement: expression . NEW_LINE
   15 expression: expression . ',' assignment_expression

    NEW_LINE  shift, and go to state 72
    ','       shift, and go to state 73


State 25

   14 expression: assignment_expression .

    $default  reduce using rule 14 (expression)


State 26

   16 assignment_expression: conditional_expression .

    $default  reduce using rule 16 (assignment_expression)


State 27

   26 conditional_expression: logical_or_expression .
   27                       | logical_or_expression . '?' expression ':' conditional_expression
   29 logical_or_expression: logical_or_expression . OR_OP logical_and_expression

    OR_OP  shift, and go to state 74
    '?'    shift, and go to state 75

    $default  reduce using rule 26 (conditional_expression)


State 28

   28 logical_or_expression: logical_and_expression .
   31 logical_and_expression: logical_and_expression . AND_OP or_expression

    AND_OP  shift, and go to state 76

    $default  reduce using rule 28 (logical_or_expression)


State 29

   30 logical_and_expression: or_expression .
   33 or_expression: or_expression . '|' xor_expression

    '|'  shift, and go to state 77

    $default  reduce using rule 30 (logical_and_expression)


State 30

   32 or_expression: xor_expression .
   35 xor_expression: xor_expression . '^' and_expression

    '^'  shift, and go to state 78

    $default  reduce using rule 32 (or_expression)


State 31

   34 xor_expression: and_expression .
   37 and_expression: and_expression . '&' equality_expression

    '&'  shift, and go to state 79

    $default  reduce using rule 34 (xor_expression)


State 32

   36 and_expression: equality_expression .
   39 equality_expression: equality_expression . EQ_OP relational_expression
   40                    | equality_expression . NE_OP relational_expression

    EQ_OP  shift, and go to state 80
    NE_OP  shift, and go to state 81

    $default  reduce using rule 36 (and_expression)


State 33

   38 equality_expression: relational_expression .
   42 relational_expression: relational_expression . '<' additive_expression
   43                      | relational_expression . '>' additive_expression
   44                      | relational_expression . GE_OP additive_expression
   45                      | relational_expression . LE_OP additive_expression

    LE_OP  shift, and go to state 82
    GE_OP  shift, and go to state 83
    '<'    shift, and go to state 84
    '>'    shift, and go to state 85

    $default  reduce using rule 38 (equality_expression)


State 34

   41 relational_expression: additive_expression .
   47 additive_expression: additive_expression . '+' multiplicative_expression
   48                    | additive_expression . '-' multiplicative_expression

    '+'  shift, and go to state 86
    '-'  shift, and go to state 87

    $default  reduce using rule 41 (relational_expression)


State 35

   46 additive_expression: multiplicative_expression .
   50 multiplicative_expression: multiplicative_expression . '*' cast_expression
   51                          | multiplicative_expression . '%' cast_expression
   52                          | multiplicative_expression . '/' cast_expression

    '*'  shift, and go to state 88
    '%'  shift, and go to state 89
    '/'  shift, and go to state 90

    $default  reduce using rule 46 (additive_expression)


State 36

   49 multiplicative_expression: cast_expression .

    $default  reduce using rule 49 (multiplicative_expression)


State 37

   53 cast_expression: unary_expression .

    $default  reduce using rule 53 (cast_expression)


State 38

   56 unary_expression: postfix_expression .
   64 postfix_expression: postfix_expression . INC_OP
   65                   | postfix_expression . DEC_OP

    INC_OP  shift, and go to state 91
    DEC_OP  shift, and go to state 92

    $default  reduce using rule 56 (unary_expression)


State 39

   63 postfix_expression: primary_expression .

    $default  reduce using rule 63 (postfix_expression)


State 40

    5 statement: selection_statement .

    $default  reduce using rule 5 (statement)


State 41

    6 statement: loop_statement .

    $default  reduce using rule 6 (statement)


State 42

    7 statement: jump_statement . NEW_LINE

    NEW_LINE  shift, and go to state 93


State 43

    8 statement: io_statement .

    $default  reduce using rule 8 (statement)


State 44

   22 assignment_expression: IDENTIFIER MUL_ASSIGN . conditional_expression

    IDENTIFIER      shift, and go to state 53
    NUM             shift, and go to state 2
    REAL            shift, and go to state 3
    STRING_LITERAL  shift, and go to state 4
    INC_OP          shift, and go to state 5
    DEC_OP          shift, and go to state 6
    '+'             shift, and go to state 15
    '-'             shift, and go to state 16
    '('             shift, and go to state 17
    '!'             shift, and go to state 18
    '~'             shift, and go to state 19

    conditional_expression     go to state 94
    logical_or_expression      go to state 27
    logical_and_expression     go to state 28
    or_expression              go to state 29
    xor_expression             go to state 30
    and_expression             go to state 31
    equality_expression        go to state 32
    relational_expression      go to state 33
    additive_expression        go to state 34
    multiplicative_expression  go to state 35
    cast_expression            go to state 36
    unary_expression           go to state 37
    postfix_expression         go to state 38
    primary_expression         go to state 39


State 45

   23 assignment_expression: IDENTIFIER DIV_ASSIGN . conditional_expression

    IDENTIFIER      shift, and go to state 53
    NUM             shift, and go to state 2
    REAL            shift, and go to state 3
    STRING_LITERAL  shift, and go to state 4
    INC_OP          shift, and go to state 5
    DEC_OP          shift, and go to state 6
    '+'             shift, and go to state 15
    '-'             shift, and go to state 16
    '('             shift, and go to state 17
    '!'             shift, and go to state 18
    '~'             shift, and go to state 19

    conditional_expression     go to state 95
    logical_or_expression      go to state 27
    logical_and_expression     go to state 28
    or_expression              go to state 29
    xor_expression             go to state 30
    and_expression             go to state 31
    equality_expression        go to state 32
    relational_expression      go to state 33
    additive_expression        go to state 34
    multiplicative_expression  go to state 35
    cast_expression            go to state 36
    unary_expression           go to state 37
    postfix_expression         go to state 38
    primary_expression         go to state 39


State 46

   25 assignment_expression: IDENTIFIER MOD_ASSIGN . conditional_expression

    IDENTIFIER      shift, and go to state 53
    NUM             shift, and go to state 2
    REAL            shift, and go to state 3
    STRING_LITERAL  shift, and go to state 4
    INC_OP          shift, and go to state 5
    DEC_OP          shift, and go to state 6
    '+'             shift, and go to state 15
    '-'             shift, and go to state 16
    '('             shift, and go to state 17
    '!'             shift, and go to state 18
    '~'             shift, and go to state 19

    conditional_expression     go to state 96
    logical_or_expression      go to state 27
    logical_and_expression     go to state 28
    or_expression              go to state 29
    xor_expression             go to state 30
    and_expression             go to state 31
    equality_expression        go to state 32
    relational_expression      go to state 33
    additive_expression        go to state 34
    multiplicative_expression  go to state 35
    cast_expression            go to state 36
    unary_expression           go to state 37
    postfix_expression         go to state 38
    primary_expression         go to state 39


State 47

   21 assignment_expression: IDENTIFIER ADD_ASSIGN . conditional_expression

    IDENTIFIER      shift, and go to state 53
    NUM             shift, and go to state 2
    REAL            shift, and go to state 3
    STRING_LITERAL  shift, and go to state 4
    INC_OP          shift, and go to state 5
    DEC_OP          shift, and go to state 6
    '+'             shift, and go to state 15
    '-'             shift, and go to state 16
    '('             shift, and go to state 17
    '!'             shift, and go to state 18
    '~'             shift, and go to state 19

    conditional_expression     go to state 97
    logical_or_expression      go to state 27
    logical_and_expression     go to state 28
    or_expression              go to state 29
    xor_expression             go to state 30
    and_expression             go to state 31
    equality_expression        go to state 32
    relational_expression      go to state 33
    additive_expression        go to state 34
    multiplicative_expression  go to state 35
    cast_expression            go to state 36
    unary_expression           go to state 37
    postfix_expression         go to state 38
    primary_expression         go to state 39


State 48

   24 assignment_expression: IDENTIFIER SUB_ASSIGN . conditional_expression

    IDENTIFIER      shift, and go to state 53
    NUM             shift, and go to state 2
    REAL            shift, and go to state 3
    STRING_LITERAL  shift, and go to state 4
    INC_OP          shift, and go to state 5
    DEC_OP          shift, and go to state 6
    '+'             shift, and go to state 15
    '-'             shift, and go to state 16
    '('             shift, and go to state 17
    '!'             shift, and go to state 18
    '~'             shift, and go to state 19

    conditional_expression     go to state 98
    logical_or_expression      go to state 27
    logical_and_expression     go to state 28
    or_expression              go to state 29
    xor_expression             go to state 30
    and_expression             go to state 31
    equality_expression        go to state 32
    relational_expression      go to state 33
    additive_expression        go to state 34
    multiplicative_expression  go to state 35
    cast_expression            go to state 36
    unary_expression           go to state 37
    postfix_expression         go to state 38
    primary_expression         go to state 39


State 49

   18 assignment_expression: IDENTIFIER AND_ASSIGN . conditional_expression

    IDENTIFIER      shift, and go to state 53
    NUM             shift, and go to state 2
    REAL            shift, and go to state 3
    STRING_LITERAL  shift, and go to state 4
    INC_OP          shift, and go to state 5
    DEC_OP          shift, and go to state 6
    '+'             shift, and go to state 15
    '-'             shift, and go to state 16
    '('             shift, and go to state 17
    '!'             shift, and go to state 18
    '~'             shift, and go to state 19

    conditional_expression     go to state 99
    logical_or_expression      go to state 27
    logical_and_expression     go to state 28
    or_expression              go to state 29
    xor_expression             go to state 30
    and_expression             go to state 31
    equality_expression        go to state 32
    relational_expression      go to state 33
    additive_expression        go to state 34
    multiplicative_expression  go to state 35
    cast_expression            go to state 36
    unary_expression           go to state 37
    postfix_expression         go to state 38
    primary_expression         go to state 39


State 50

   20 assignment_expression: IDENTIFIER XOR_ASSIGN . conditional_expression

    IDENTIFIER      shift, and go to state 53
    NUM             shift, and go to state 2
    REAL            shift, and go to state 3
    STRING_LITERAL  shift, and go to state 4
    INC_OP          shift, and go to state 5
    DEC_OP          shift, and go to state 6
    '+'             shift, and go to state 15
    '-'             shift, and go to state 16
    '('             shift, and go to state 17
    '!'             shift, and go to state 18
    '~'             shift, and go to state 19

    conditional_expression     go to state 100
    logical_or_expression      go to state 27
    logical_and_expression     go to state 28
    or_expression              go to state 29
    xor_expression             go to state 30
    and_expression             go to state 31
    equality_expression        go to state 32
    relational_expression      go to state 33
    additive_expression        go to state 34
    multiplicative_expression  go to state 35
    cast_expression            go to state 36
    unary_expression           go to state 37
    postfix_expression         go to state 38
    primary_expression         go to state 39


State 51

   19 assignment_expression: IDENTIFIER OR_ASSIGN . conditional_expression

    IDENTIFIER      shift, and go to state 53
    NUM             shift, and go to state 2
    REAL            shift, and go to state 3
    STRING_LITERAL  shift, and go to state 4
    INC_OP          shift, and go to state 5
    DEC_OP          shift, and go to state 6
    '+'             shift, and go to state 15
    '-'             shift, and go to state 16
    '('             shift, and go to state 17
    '!'             shift, and go to state 18
    '~'             shift, and go to state 19

    conditional_expression     go to state 101
    logical_or_expression      go to state 27
    logical_and_expression     go to state 28
    or_expression              go to state 29
    xor_expression             go to state 30
    and_expression             go to state 31
    equality_expression        go to state 32
    relational_expression      go to state 33
    additive_expression        go to state 34
    multiplicative_expression  go to state 35
    cast_expression            go to state 36
    unary_expression           go to state 37
    postfix_expression         go to state 38
    primary_expression         go to state 39


State 52

   17 assignment_expression: IDENTIFIER '=' . conditional_expression

    IDENTIFIER      shift, and go to state 53
    NUM             shift, and go to state 2
    REAL            shift, and go to state 3
    STRING_LITERAL  shift, and go to state 4
    INC_OP          shift, and go to state 5
    DEC_OP          shift, and go to state 6
    '+'             shift, and go to state 15
    '-'             shift, and go to state 16
    '('             shift, and go to state 17
    '!'             shift, and go to state 18
    '~'             shift, and go to state 19

    conditional_expression     go to state 102
    logical_or_expression      go to state 27
    logical_and_expression     go to state 28
    or_expression              go to state 29
    xor_expression             go to state 30
    and_expression             go to state 31
    equality_expression        go to state 32
    relational_expression      go to state 33
    additive_expression        go to state 34
    multiplicative_expression  go to state 35
    cast_expression            go to state 36
    unary_expression           go to state 37
    postfix_expression         go to state 38
    primary_expression         go to state 39


State 53

   66 primary_expression: IDENTIFIER .

    $default  reduce using rule 66 (primary_expression)


State 54

   70 primary_expression: '(' . expression ')'

    IDENTIFIER      shift, and go to state 1
    NUM             shift, and go to state 2
    REAL            shift, and go to state 3
    STRING_LITERAL  shift, and go to state 4
    INC_OP          shift, and go to state 5
    DEC_OP          shift, and go to state 6
    '+'             shift, and go to state 15
    '-'             shift, and go to state 16
    '('             shift, and go to state 17
    '!'             shift, and go to state 18
    '~'             shift, and go to state 19

    expression                 go to state 66
    assignment_expression      go to state 25
    conditional_expression     go to state 26
    logical_or_expression      go to state 27
    logical_and_expression     go to state 28
    or_expression              go to state 29
    xor_expression             go to state 30
    and_expression             go to state 31
    equality_expression        go to state 32
    relational_expression      go to state 33
    additive_expression        go to state 34
    multiplicative_expression  go to state 35
    cast_expression            go to state 36
    unary_expression           go to state 37
    postfix_expression         go to state 38
    primary_expression         go to state 39


State 55

   57 unary_expression: INC_OP unary_expression .

    $default  reduce using rule 57 (unary_expression)


State 56

   58 unary_expression: DEC_OP unary_expression .

    $default  reduce using rule 58 (unary_expression)


State 57

   80 io_statement: INPUT '(' . INT ')' IDENTIFIER NEW_LINE
   81             | INPUT '(' . FLOAT ')' IDENTIFIER NEW_LINE
   82             | INPUT '(' . STRING ')' IDENTIFIER NEW_LINE

    INT     shift, and go to state 103
    FLOAT   shift, and go to state 104
    STRING  shift, and go to state 105


State 58

   15 expression: expression . ',' assignment_expression
   79 io_statement: PRINT expression . NEW_LINE

    NEW_LINE  shift, and go to state 106
    ','       shift, and go to state 73


State 59

   15 expression: expression . ',' assignment_expression
   71 selection_statement: IF expression . NEW_LINE statement_list END NEW_LINE
   72                    | IF expression . NEW_LINE statement_list ELSE NEW_LINE statement_list END NEW_LINE

    NEW_LINE  shift, and go to state 107
    ','       shift, and go to state 73


State 60

   15 expression: expression . ',' assignment_expression
   74 loop_statement: WHILE expression . NEW_LINE $@1 statement_list END NEW_LINE

    NEW_LINE  shift, and go to state 108
    ','       shift, and go to state 73


State 61

   76 loop_statement: FOR IDENTIFIER . '=' expression TO expression NEW_LINE $@2 statement_list END NEW_LINE

    '='  shift, and go to state 109


State 62

   60 unary_expression: '+' cast_expression .

    $default  reduce using rule 60 (unary_expression)


State 63

   59 unary_expression: '-' cast_expression .

    $default  reduce using rule 59 (unary_expression)


State 64

   54 cast_expression: '(' INT . ')' cast_expression

    ')'  shift, and go to state 110


State 65

   55 cast_expression: '(' STRING . ')' cast_expression

    ')'  shift, and go to state 111


State 66

   15 expression: expression . ',' assignment_expression
   70 primary_expression: '(' expression . ')'

    ','  shift, and go to state 73
    ')'  shift, and go to state 112


State 67

   61 unary_expression: '!' cast_expression .

    $default  reduce using rule 61 (unary_expression)


State 68

   62 unary_expression: '~' cast_expression .

    $default  reduce using rule 62 (unary_expression)


State 69

    0 $accept: begin $end .

    $default  accept


State 70

    2 program: program statement .
    9 statement: statement . error NEW_LINE

    error  shift, and go to state 71

    $end            reduce using rule 2 (program)
    IDENTIFIER      reduce using rule 2 (program)
    NUM             reduce using rule 2 (program)
    REAL            reduce using rule 2 (program)
    STRING_LITERAL  reduce using rule 2 (program)
    INC_OP          reduce using rule 2 (program)
    DEC_OP          reduce using rule 2 (program)
    NEW_LINE        reduce using rule 2 (program)
    INPUT           reduce using rule 2 (program)
    PRINT           reduce using rule 2 (program)
    IF              reduce using rule 2 (program)
    WHILE           reduce using rule 2 (program)
    FOR             reduce using rule 2 (program)
    CONTINUE        reduce using rule 2 (program)
    BREAK           reduce using rule 2 (program)
    '+'             reduce using rule 2 (program)
    '-'             reduce using rule 2 (program)
    '('             reduce using rule 2 (program)
    '!'             reduce using rule 2 (program)
    '~'             reduce using rule 2 (program)


State 71

    9 statement: statement error . NEW_LINE

    NEW_LINE  shift, and go to state 113


State 72

   12 expression_statement: expression NEW_LINE .

    $default  reduce using rule 12 (expression_statement)


State 73

   15 expression: expression ',' . assignment_expression

    IDENTIFIER      shift, and go to state 1
    NUM             shift, and go to state 2
    REAL            shift, and go to state 3
    STRING_LITERAL  shift, and go to state 4
    INC_OP          shift, and go to state 5
    DEC_OP          shift, and go to state 6
    '+'             shift, and go to state 15
    '-'             shift, and go to state 16
    '('             shift, and go to state 17
    '!'             shift, and go to state 18
    '~'             shift, and go to state 19

    assignment_expression      go to state 114
    conditional_expression     go to state 26
    logical_or_expression      go to state 27
    logical_and_expression     go to state 28
    or_expression              go to state 29
    xor_expression             go to state 30
    and_expression             go to state 31
    equality_expression        go to state 32
    relational_expression      go to state 33
    additive_expression        go to state 34
    multiplicative_expression  go to state 35
    cast_expression            go to state 36
    unary_expression           go to state 37
    postfix_expression         go to state 38
    primary_expression         go to state 39


State 74

   29 logical_or_expression: logical_or_expression OR_OP . logical_and_expression

    IDENTIFIER      shift, and go to state 53
    NUM             shift, and go to state 2
    REAL            shift, and go to state 3
    STRING_LITERAL  shift, and go to state 4
    INC_OP          shift, and go to state 5
    DEC_OP          shift, and go to state 6
    '+'             shift, and go to state 15
    '-'             shift, and go to state 16
    '('             shift, and go to state 17
    '!'             shift, and go to state 18
    '~'             shift, and go to state 19

    logical_and_expression     go to state 115
    or_expression              go to state 29
    xor_expression             go to state 30
    and_expression             go to state 31
    equality_expression        go to state 32
    relational_expression      go to state 33
    additive_expression        go to state 34
    multiplicative_expression  go to state 35
    cast_expression            go to state 36
    unary_expression           go to state 37
    postfix_expression         go to state 38
    primary_expression         go to state 39


State 75

   27 conditional_expression: logical_or_expression '?' . expression ':' conditional_expression

    IDENTIFIER      shift, and go to state 1
    NUM             shift, and go to state 2
    REAL            shift, and go to state 3
    STRING_LITERAL  shift, and go to state 4
    INC_OP          shift, and go to state 5
    DEC_OP          shift, and go to state 6
    '+'             shift, and go to state 15
    '-'             shift, and go to state 16
    '('             shift, and go to state 17
    '!'             shift, and go to state 18
    '~'             shift, and go to state 19

    expression                 go to state 116
    assignment_expression      go to state 25
    conditional_expression     go to state 26
    logical_or_expression      go to state 27
    logical_and_expression     go to state 28
    or_expression              go to state 29
    xor_expression             go to state 30
    and_expression             go to state 31
    equality_expression        go to state 32
    relational_expression      go to state 33
    additive_expression        go to state 34
    multiplicative_expression  go to state 35
    cast_expression            go to state 36
    unary_expression           go to state 37
    postfix_expression         go to state 38
    primary_expression         go to state 39


State 76

   31 logical_and_expression: logical_and_expression AND_OP . or_expression

    IDENTIFIER      shift, and go to state 53
    NUM             shift, and go to state 2
    REAL            shift, and go to state 3
    STRING_LITERAL  shift, and go to state 4
    INC_OP          shift, and go to state 5
    DEC_OP          shift, and go to state 6
    '+'             shift, and go to state 15
    '-'             shift, and go to state 16
    '('             shift, and go to state 17
    '!'             shift, and go to state 18
    '~'             shift, and go to state 19

    or_expression              go to state 117
    xor_expression             go to state 30
    and_expression             go to state 31
    equality_expression        go to state 32
    relational_expression      go to state 33
    additive_expression        go to state 34
    multiplicative_expression  go to state 35
    cast_expression            go to state 36
    unary_expression           go to state 37
    postfix_expression         go to state 38
    primary_expression         go to state 39


State 77

   33 or_expression: or_expression '|' . xor_expression

    IDENTIFIER      shift, and go to state 53
    NUM             shift, and go to state 2
    REAL            shift, and go to state 3
    STRING_LITERAL  shift, and go to state 4
    INC_OP          shift, and go to state 5
    DEC_OP          shift, and go to state 6
    '+'             shift, and go to state 15
    '-'             shift, and go to state 16
    '('             shift, and go to state 17
    '!'             shift, and go to state 18
    '~'             shift, and go to state 19

    xor_expression             go to state 118
    and_expression             go to state 31
    equality_expression        go to state 32
    relational_expression      go to state 33
    additive_expression        go to state 34
    multiplicative_expression  go to state 35
    cast_expression            go to state 36
    unary_expression           go to state 37
    postfix_expression         go to state 38
    primary_expression         go to state 39


State 78

   35 xor_expression: xor_expression '^' . and_expression

    IDENTIFIER      shift, and go to state 53
    NUM             shift, and go to state 2
    REAL            shift, and go to state 3
    STRING_LITERAL  shift, and go to state 4
    INC_OP          shift, and go to state 5
    DEC_OP          shift, and go to state 6
    '+'             shift, and go to state 15
    '-'             shift, and go to state 16
    '('             shift, and go to state 17
    '!'             shift, and go to state 18
    '~'             shift, and go to state 19

    and_expression             go to state 119
    equality_expression        go to state 32
    relational_expression      go to state 33
    additive_expression        go to state 34
    multiplicative_expression  go to state 35
    cast_expression            go to state 36
    unary_expression           go to state 37
    postfix_expression         go to state 38
    primary_expression         go to state 39


State 79

   37 and_expression: and_expression '&' . equality_expression

    IDENTIFIER      shift, and go to state 53
    NUM             shift, and go to state 2
    REAL            shift, and go to state 3
    STRING_LITERAL  shift, and go to state 4
    INC_OP          shift, and go to state 5
    DEC_OP          shift, and go to state 6
    '+'             shift, and go to state 15
    '-'             shift, and go to state 16
    '('             shift, and go to state 17
    '!'             shift, and go to state 18
    '~'             shift, and go to state 19

    equality_expression        go to state 120
    relational_expression      go to state 33
    additive_expression        go to state 34
    multiplicative_expression  go to state 35
    cast_expression            go to state 36
    unary_expression           go to state 37
    postfix_expression         go to state 38
    primary_expression         go to state 39


State 80

   39 equality_expression: equality_expression EQ_OP . relational_expression

    IDENTIFIER      shift, and go to state 53
    NUM             shift, and go to state 2
    REAL            shift, and go to state 3
    STRING_LITERAL  shift, and go to state 4
    INC_OP          shift, and go to state 5
    DEC_OP          shift, and go to state 6
    '+'             shift, and go to state 15
    '-'             shift, and go to state 16
    '('             shift, and go to state 17
    '!'             shift, and go to state 18
    '~'             shift, and go to state 19

    relational_expression      go to state 121
    additive_expression        go to state 34
    multiplicative_expression  go to state 35
    cast_expression            go to state 36
    unary_expression           go to state 37
    postfix_expression         go to state 38
    primary_expression         go to state 39


State 81

   40 equality_expression: equality_expression NE_OP . relational_expression

    IDENTIFIER      shift, and go to state 53
    NUM             shift, and go to state 2
    REAL            shift, and go to state 3
    STRING_LITERAL  shift, and go to state 4
    INC_OP          shift, and go to state 5
    DEC_OP          shift, and go to state 6
    '+'             shift, and go to state 15
    '-'             shift, and go to state 16
    '('             shift, and go to state 17
    '!'             shift, and go to state 18
    '~'             shift, and go to state 19

    relational_expression      go to state 122
    additive_expression        go to state 34
    multiplicative_expression  go to state 35
    cast_expression            go to state 36
    unary_expression           go to state 37
    postfix_expression         go to state 38
    primary_expression         go to state 39


State 82

   45 relational_expression: relational_expression LE_OP . additive_expression

    IDENTIFIER      shift, and go to state 53
    NUM             shift, and go to state 2
    REAL            shift, and go to state 3
    STRING_LITERAL  shift, and go to state 4
    INC_OP          shift, and go to state 5
    DEC_OP          shift, and go to state 6
    '+'             shift, and go to state 15
    '-'             shift, and go to state 16
    '('             shift, and go to state 17
    '!'             shift, and go to state 18
    '~'             shift, and go to state 19

    additive_expression        go to state 123
    multiplicative_expression  go to state 35
    cast_expression            go to state 36
    unary_expression           go to state 37
    postfix_expression         go to state 38
    primary_expression         go to state 39


State 83

   44 relational_expression: relational_expression GE_OP . additive_expression

    IDENTIFIER      shift, and go to state 53
    NUM             shift, and go to state 2
    REAL            shift, and go to state 3
    STRING_LITERAL  shift, and go to state 4
    INC_OP          shift, and go to state 5
    DEC_OP          shift, and go to state 6
    '+'             shift, and go to state 15
    '-'             shift, and go to state 16
    '('             shift, and go to state 17
    '!'             shift, and go to state 18
    '~'             shift, and go to state 19

    additive_expression        go to state 124
    multiplicative_expression  go to state 35
    cast_expression            go to state 36
    unary_expression           go to state 37
    postfix_expression         go to state 38
    primary_expression         go to state 39


State 84

   42 relational_expression: relational_expression '<' . additive_expression

    IDENTIFIER      shift, and go to state 53
    NUM             shift, and go to state 2
    REAL            shift, and go to state 3
    STRING_LITERAL  shift, and go to state 4
    INC_OP          shift, and go to state 5
    DEC_OP          shift, and go to state 6
    '+'             shift, and go to state 15
    '-'             shift, and go to state 16
    '('             shift, and go to state 17
    '!'             shift, and go to state 18
    '~'             shift, and go to state 19

    additive_expression        go to state 125
    multiplicative_expression  go to state 35
    cast_expression            go to state 36
    unary_expression           go to state 37
    postfix_expression         go to state 38
    primary_expression         go to state 39


State 85

   43 relational_expression: relational_expression '>' . additive_expression

    IDENTIFIER      shift, and go to state 53
    NUM             shift, and go to state 2
    REAL            shift, and go to state 3
    STRING_LITERAL  shift, and go to state 4
    INC_OP          shift, and go to state 5
    DEC_OP          shift, and go to state 6
    '+'             shift, and go to state 15
    '-'             shift, and go to state 16
    '('             shift, and go to state 17
    '!'             shift, and go to state 18
    '~'             shift, and go to state 19

    additive_expression        go to state 126
    multiplicative_expression  go to state 35
    cast_expression            go to state 36
    unary_expression           go to state 37
    postfix_expression         go to state 38
    primary_expression         go to state 39


State 86

   47 additive_expression: additive_expression '+' . multiplicative_expression

    IDENTIFIER      shift, and go to state 53
    NUM             shift, and go to state 2
    REAL            shift, and go to state 3
    STRING_LITERAL  shift, and go to state 4
    INC_OP          shift, and go to state 5
    DEC_OP          shift, and go to state 6
    '+'             shift, and go to state 15
    '-'             shift, and go to state 16
    '('             shift, and go to state 17
    '!'             shift, and go to state 18
    '~'             shift, and go to state 19

    multiplicative_expression  go to state 127
    cast_expression            go to state 36
    unary_expression           go to state 37
    postfix_expression         go to state 38
    primary_expression         go to state 39


State 87

   48 additive_expression: additive_expression '-' . multiplicative_expression

    IDENTIFIER      shift, and go to state 53
    NUM             shift, and go to state 2
    REAL            shift, and go to state 3
    STRING_LITERAL  shift, and go to state 4
    INC_OP          shift, and go to state 5
    DEC_OP          shift, and go to state 6
    '+'             shift, and go to state 15
    '-'             shift, and go to state 16
    '('             shift, and go to state 17
    '!'             shift, and go to state 18
    '~'             shift, and go to state 19

    multiplicative_expression  go to state 128
    cast_expression            go to state 36
    unary_expression           go to state 37
    postfix_expression         go to state 38
    primary_expression         go to state 39


State 88

   50 multiplicative_expression: multiplicative_expression '*' . cast_expression

    IDENTIFIER      shift, and go to state 53
    NUM             shift, and go to state 2
    REAL            shift, and go to state 3
    STRING_LITERAL  shift, and go to state 4
    INC_OP          shift, and go to state 5
    DEC_OP          shift, and go to state 6
    '+'             shift, and go to state 15
    '-'             shift, and go to state 16
    '('             shift, and go to state 17
    '!'             shift, and go to state 18
    '~'             shift, and go to state 19

    cast_expression     go to state 129
    unary_expression    go to state 37
    postfix_expression  go to state 38
    primary_expression  go to state 39


State 89

   51 multiplicative_expression: multiplicative_expression '%' . cast_expression

    IDENTIFIER      shift, and go to state 53
    NUM             shift, and go to state 2
    REAL            shift, and go to state 3
    STRING_LITERAL  shift, and go to state 4
    INC_OP          shift, and go to state 5
    DEC_OP          shift, and go to state 6
    '+'             shift, and go to state 15
    '-'             shift, and go to state 16
    '('             shift, and go to state 17
    '!'             shift, and go to state 18
    '~'             shift, and go to state 19

    cast_expression     go to state 130
    unary_expression    go to state 37
    postfix_expression  go to state 38
    primary_expression  go to state 39


State 90

   52 multiplicative_expression: multiplicative_expression '/' . cast_expression

    IDENTIFIER      shift, and go to state 53
    NUM             shift, and go to state 2
    REAL            shift, and go to state 3
    STRING_LITERAL  shift, and go to state 4
    INC_OP          shift, and go to state 5
    DEC_OP          shift, and go to state 6
    '+'             shift, and go to state 15
    '-'             shift, and go to state 16
    '('             shift, and go to state 17
    '!'             shift, and go to state 18
    '~'             shift, and go to state 19

    cast_expression     go to state 131
    unary_expression    go to state 37
    postfix_expression  go to state 38
    primary_expression  go to state 39


State 91

   64 postfix_expression: postfix_expression INC_OP .

    $default  reduce using rule 64 (postfix_expression)


State 92

   65 postfix_expression: postfix_expression DEC_OP .

    $default  reduce using rule 65 (postfix_expression)


State 93

    7 statement: jump_statement NEW_LINE .

    $default  reduce using rule 7 (statement)


State 94

   22 assignment_expression: IDENTIFIER MUL_ASSIGN conditional_expression .

    $default  reduce using rule 22 (assignment_expression)


State 95

   23 assignment_expression: IDENTIFIER DIV_ASSIGN conditional_expression .

    $default  reduce using rule 23 (assignment_expression)


State 96

   25 assignment_expression: IDENTIFIER MOD_ASSIGN conditional_expression .

    $default  reduce using rule 25 (assignment_expression)


State 97

   21 assignment_expression: IDENTIFIER ADD_ASSIGN conditional_expression .

    $default  reduce using rule 21 (assignment_expression)


State 98

   24 assignment_expression: IDENTIFIER SUB_ASSIGN conditional_expression .

    $default  reduce using rule 24 (assignment_expression)


State 99

   18 assignment_expression: IDENTIFIER AND_ASSIGN conditional_expression .

    $default  reduce using rule 18 (assignment_expression)


State 100

   20 assignment_expression: IDENTIFIER XOR_ASSIGN conditional_expression .

    $default  reduce using rule 20 (assignment_expression)


State 101

   19 assignment_expression: IDENTIFIER OR_ASSIGN conditional_expression .

    $default  reduce using rule 19 (assignment_expression)


State 102

   17 assignment_expression: IDENTIFIER '=' conditional_expression .

    $default  reduce using rule 17 (assignment_expression)


State 103

   80 io_statement: INPUT '(' INT . ')' IDENTIFIER NEW_LINE

    ')'  shift, and go to state 132


State 104

   81 io_statement: INPUT '(' FLOAT . ')' IDENTIFIER NEW_LINE

    ')'  shift, and go to state 133


State 105

   82 io_statement: INPUT '(' STRING . ')' IDENTIFIER NEW_LINE

    ')'  shift, and go to state 134


State 106

   79 io_statement: PRINT expression NEW_LINE .

    $default  reduce using rule 79 (io_statement)


State 107

   71 selection_statement: IF expression NEW_LINE . statement_list END NEW_LINE
   72                    | IF expression NEW_LINE . statement_list ELSE NEW_LINE statement_list END NEW_LINE

    IDENTIFIER      shift, and go to state 1
    NUM             shift, and go to state 2
    REAL            shift, and go to state 3
    STRING_LITERAL  shift, and go to state 4
    INC_OP          shift, and go to state 5
    DEC_OP          shift, and go to state 6
    NEW_LINE        shift, and go to state 7
    INPUT           shift, and go to state 8
    PRINT           shift, and go to state 9
    IF              shift, and go to state 10
    WHILE           shift, and go to state 11
    FOR             shift, and go to state 12
    CONTINUE        shift, and go to state 13
    BREAK           shift, and go to state 14
    '+'             shift, and go to state 15
    '-'             shift, and go to state 16
    '('             shift, and go to state 17
    '!'             shift, and go to state 18
    '~'             shift, and go to state 19

    statement                  go to state 135
    statement_list             go to state 136
    expression_statement       go to state 23
    expression                 go to state 24
    assignment_expression      go to state 25
    conditional_expression     go to state 26
    logical_or_expression      go to state 27
    logical_and_expression     go to state 28
    or_expression              go to state 29
    xor_expression             go to state 30
    and_expression             go to state 31
    equality_expression        go to state 32
    relational_expression      go to state 33
    additive_expression        go to state 34
    multiplicative_expression  go to state 35
    cast_expression            go to state 36
    unary_expression           go to state 37
    postfix_expression         go to state 38
    primary_expression         go to state 39
    selection_statement        go to state 40
    loop_statement             go to state 41
    jump_statement             go to state 42
    io_statement               go to state 43


State 108

   74 loop_statement: WHILE expression NEW_LINE . $@1 statement_list END NEW_LINE

    $default  reduce using rule 73 ($@1)

    $@1  go to state 137


State 109

   76 loop_statement: FOR IDENTIFIER '=' . expression TO expression NEW_LINE $@2 statement_list END NEW_LINE

    IDENTIFIER      shift, and go to state 1
    NUM             shift, and go to state 2
    REAL            shift, and go to state 3
    STRING_LITERAL  shift, and go to state 4
    INC_OP          shift, and go to state 5
    DEC_OP          shift, and go to state 6
    '+'             shift, and go to state 15
    '-'             shift, and go to state 16
    '('             shift, and go to state 17
    '!'             shift, and go to state 18
    '~'             shift, and go to state 19

    expression                 go to state 138
    assignment_expression      go to state 25
    conditional_expression     go to state 26
    logical_or_expression      go to state 27
    logical_and_expression     go to state 28
    or_expression              go to state 29
    xor_expression             go to state 30
    and_expression             go to state 31
    equality_expression        go to state 32
    relational_expression      go to state 33
    additive_expression        go to state 34
    multiplicative_expression  go to state 35
    cast_expression            go to state 36
    unary_expression           go to state 37
    postfix_expression         go to state 38
    primary_expression         go to state 39


State 110

   54 cast_expression: '(' INT ')' . cast_expression

    IDENTIFIER      shift, and go to state 53
    NUM             shift, and go to state 2
    REAL            shift, and go to state 3
    STRING_LITERAL  shift, and go to state 4
    INC_OP          shift, and go to state 5
    DEC_OP          shift, and go to state 6
    '+'             shift, and go to state 15
    '-'             shift, and go to state 16
    '('             shift, and go to state 17
    '!'             shift, and go to state 18
    '~'             shift, and go to state 19

    cast_expression     go to state 139
    unary_expression    go to state 37
    postfix_expression  go to state 38
    primary_expression  go to state 39


State 111

   55 cast_expression: '(' STRING ')' . cast_expression

    IDENTIFIER      shift, and go to state 53
    NUM             shift, and go to state 2
    REAL            shift, and go to state 3
    STRING_LITERAL  shift, and go to state 4
    INC_OP          shift, and go to state 5
    DEC_OP          shift, and go to state 6
    '+'             shift, and go to state 15
    '-'             shift, and go to state 16
    '('             shift, and go to state 17
    '!'             shift, and go to state 18
    '~'             shift, and go to state 19

    cast_expression     go to state 140
    unary_expression    go to state 37
    postfix_expression  go to state 38
    primary_expression  go to state 39


State 112

   70 primary_expression: '(' expression ')' .

    $default  reduce using rule 70 (primary_expression)


State 113

    9 statement: statement error NEW_LINE .

    $default  reduce using rule 9 (statement)


State 114

   15 expression: expression ',' assignment_expression .

    $default  reduce using rule 15 (expression)


State 115

   29 logical_or_expression: logical_or_expression OR_OP logical_and_expression .
   31 logical_and_expression: logical_and_expression . AND_OP or_expression

    AND_OP  shift, and go to state 76

    $default  reduce using rule 29 (logical_or_expression)


State 116

   15 expression: expression . ',' assignment_expression
   27 conditional_expression: logical_or_expression '?' expression . ':' conditional_expression

    ','  shift, and go to state 73
    ':'  shift, and go to state 141


State 117

   31 logical_and_expression: logical_and_expression AND_OP or_expression .
   33 or_expression: or_expression . '|' xor_expression

    '|'  shift, and go to state 77

    $default  reduce using rule 31 (logical_and_expression)


State 118

   33 or_expression: or_expression '|' xor_expression .
   35 xor_expression: xor_expression . '^' and_expression

    '^'  shift, and go to state 78

    $default  reduce using rule 33 (or_expression)


State 119

   35 xor_expression: xor_expression '^' and_expression .
   37 and_expression: and_expression . '&' equality_expression

    '&'  shift, and go to state 79

    $default  reduce using rule 35 (xor_expression)


State 120

   37 and_expression: and_expression '&' equality_expression .
   39 equality_expression: equality_expression . EQ_OP relational_expression
   40                    | equality_expression . NE_OP relational_expression

    EQ_OP  shift, and go to state 80
    NE_OP  shift, and go to state 81

    $default  reduce using rule 37 (and_expression)


State 121

   39 equality_expression: equality_expression EQ_OP relational_expression .
   42 relational_expression: relational_expression . '<' additive_expression
   43                      | relational_expression . '>' additive_expression
   44                      | relational_expression . GE_OP additive_expression
   45                      | relational_expression . LE_OP additive_expression

    LE_OP  shift, and go to state 82
    GE_OP  shift, and go to state 83
    '<'    shift, and go to state 84
    '>'    shift, and go to state 85

    $default  reduce using rule 39 (equality_expression)


State 122

   40 equality_expression: equality_expression NE_OP relational_expression .
   42 relational_expression: relational_expression . '<' additive_expression
   43                      | relational_expression . '>' additive_expression
   44                      | relational_expression . GE_OP additive_expression
   45                      | relational_expression . LE_OP additive_expression

    LE_OP  shift, and go to state 82
    GE_OP  shift, and go to state 83
    '<'    shift, and go to state 84
    '>'    shift, and go to state 85

    $default  reduce using rule 40 (equality_expression)


State 123

   45 relational_expression: relational_expression LE_OP additive_expression .
   47 additive_expression: additive_expression . '+' multiplicative_expression
   48                    | additive_expression . '-' multiplicative_expression

    '+'  shift, and go to state 86
    '-'  shift, and go to state 87

    $default  reduce using rule 45 (relational_expression)


State 124

   44 relational_expression: relational_expression GE_OP additive_expression .
   47 additive_expression: additive_expression . '+' multiplicative_expression
   48                    | additive_expression . '-' multiplicative_expression

    '+'  shift, and go to state 86
    '-'  shift, and go to state 87

    $default  reduce using rule 44 (relational_expression)


State 125

   42 relational_expression: relational_expression '<' additive_expression .
   47 additive_expression: additive_expression . '+' multiplicative_expression
   48                    | additive_expression . '-' multiplicative_expression

    '+'  shift, and go to state 86
    '-'  shift, and go to state 87

    $default  reduce using rule 42 (relational_expression)


State 126

   43 relational_expression: relational_expression '>' additive_expression .
   47 additive_expression: additive_expression . '+' multiplicative_expression
   48                    | additive_expression . '-' multiplicative_expression

    '+'  shift, and go to state 86
    '-'  shift, and go to state 87

    $default  reduce using rule 43 (relational_expression)


State 127

   47 additive_expression: additive_expression '+' multiplicative_expression .
   50 multiplicative_expression: multiplicative_expression . '*' cast_expression
   51                          | multiplicative_expression . '%' cast_expression
   52                          | multiplicative_expression . '/' cast_expression

    '*'  shift, and go to state 88
    '%'  shift, and go to state 89
    '/'  shift, and go to state 90

    $default  reduce using rule 47 (additive_expression)


State 128

   48 additive_expression: additive_expression '-' multiplicative_expression .
   50 multiplicative_expression: multiplicative_expression . '*' cast_expression
   51                          | multiplicative_expression . '%' cast_expression
   52                          | multiplicative_expression . '/' cast_expression

    '*'  shift, and go to state 88
    '%'  shift, and go to state 89
    '/'  shift, and go to state 90

    $default  reduce using rule 48 (additive_expression)


State 129

   50 multiplicative_expression: multiplicative_expression '*' cast_expression .

    $default  reduce using rule 50 (multiplicative_expression)


State 130

   51 multiplicative_expression: multiplicative_expression '%' cast_expression .

    $default  reduce using rule 51 (multiplicative_expression)


State 131

   52 multiplicative_expression: multiplicative_expression '/' cast_expression .

    $default  reduce using rule 52 (multiplicative_expression)


State 132

   80 io_statement: INPUT '(' INT ')' . IDENTIFIER NEW_LINE

    IDENTIFIER  shift, and go to state 142


State 133

   81 io_statement: INPUT '(' FLOAT ')' . IDENTIFIER NEW_LINE

    IDENTIFIER  shift, and go to state 143


State 134

   82 io_statement: INPUT '(' STRING ')' . IDENTIFIER NEW_LINE

    IDENTIFIER  shift, and go to state 144


State 135

    9 statement: statement . error NEW_LINE
   10 statement_list: statement .

    error  shift, and go to state 71

    IDENTIFIER      reduce using rule 10 (statement_list)
    NUM             reduce using rule 10 (statement_list)
    REAL            reduce using rule 10 (statement_list)
    STRING_LITERAL  reduce using rule 10 (statement_list)
    INC_OP          reduce using rule 10 (statement_list)
    DEC_OP          reduce using rule 10 (statement_list)
    NEW_LINE        reduce using rule 10 (statement_list)
    INPUT           reduce using rule 10 (statement_list)
    PRINT           reduce using rule 10 (statement_list)
    END             reduce using rule 10 (statement_list)
    IF              reduce using rule 10 (statement_list)
    ELSE            reduce using rule 10 (statement_list)
    WHILE           reduce using rule 10 (statement_list)
    FOR             reduce using rule 10 (statement_list)
    CONTINUE        reduce using rule 10 (statement_list)
    BREAK           reduce using rule 10 (statement_list)
    '+'             reduce using rule 10 (statement_list)
    '-'             reduce using rule 10 (statement_list)
    '('             reduce using rule 10 (statement_list)
    '!'             reduce using rule 10 (statement_list)
    '~'             reduce using rule 10 (statement_list)


State 136

   11 statement_list: statement_list . statement
   71 selection_statement: IF expression NEW_LINE statement_list . END NEW_LINE
   72                    | IF expression NEW_LINE statement_list . ELSE NEW_LINE statement_list END NEW_LINE

    IDENTIFIER      shift, and go to state 1
    NUM             shift, and go to state 2
    REAL            shift, and go to state 3
    STRING_LITERAL  shift, and go to state 4
    INC_OP          shift, and go to state 5
    DEC_OP          shift, and go to state 6
    NEW_LINE        shift, and go to state 7
    INPUT           shift, and go to state 8
    PRINT           shift, and go to state 9
    END             shift, and go to state 145
    IF              shift, and go to state 10
    ELSE            shift, and go to state 146
    WHILE           shift, and go to state 11
    FOR             shift, and go to state 12
    CONTINUE        shift, and go to state 13
    BREAK           shift, and go to state 14
    '+'             shift, and go to state 15
    '-'             shift, and go to state 16
    '('             shift, and go to state 17
    '!'             shift, and go to state 18
    '~'             shift, and go to state 19

    statement                  go to state 147
    expression_statement       go to state 23
    expression                 go to state 24
    assignment_expression      go to state 25
    conditional_expression     go to state 26
    logical_or_expression      go to state 27
    logical_and_expression     go to state 28
    or_expression              go to state 29
    xor_expression             go to state 30
    and_expression             go to state 31
    equality_expression        go to state 32
    relational_expression      go to state 33
    additive_expression        go to state 34
    multiplicative_expression  go to state 35
    cast_expression            go to state 36
    unary_expression           go to state 37
    postfix_expression         go to state 38
    primary_expression         go to state 39
    selection_statement        go to state 40
    loop_statement             go to state 41
    jump_statement             go to state 42
    io_statement               go to state 43


State 137

   74 loop_statement: WHILE expression NEW_LINE $@1 . statement_list END NEW_LINE

    IDENTIFIER      shift, and go to state 1
    NUM             shift, and go to state 2
    REAL            shift, and go to state 3
    STRING_LITERAL  shift, and go to state 4
    INC_OP          shift, and go to state 5
    DEC_OP          shift, and go to state 6
    NEW_LINE        shift, and go to state 7
    INPUT           shift, and go to state 8
    PRINT           shift, and go to state 9
    IF              shift, and go to state 10
    WHILE           shift, and go to state 11
    FOR             shift, and go to state 12
    CONTINUE        shift, and go to state 13
    BREAK           shift, and go to state 14
    '+'             shift, and go to state 15
    '-'             shift, and go to state 16
    '('             shift, and go to state 17
    '!'             shift, and go to state 18
    '~'             shift, and go to state 19

    statement                  go to state 135
    statement_list             go to state 148
    expression_statement       go to state 23
    expression                 go to state 24
    assignment_expression      go to state 25
    conditional_expression     go to state 26
    logical_or_expression      go to state 27
    logical_and_expression     go to state 28
    or_expression              go to state 29
    xor_expression             go to state 30
    and_expression             go to state 31
    equality_expression        go to state 32
    relational_expression      go to state 33
    additive_expression        go to state 34
    multiplicative_expression  go to state 35
    cast_expression            go to state 36
    unary_expression           go to state 37
    postfix_expression         go to state 38
    primary_expression         go to state 39
    selection_statement        go to state 40
    loop_statement             go to state 41
    jump_statement             go to state 42
    io_statement               go to state 43


State 138

   15 expression: expression . ',' assignment_expression
   76 loop_statement: FOR IDENTIFIER '=' expression . TO expression NEW_LINE $@2 statement_list END NEW_LINE

    TO   shift, and go to state 149
    ','  shift, and go to state 73


State 139

   54 cast_expression: '(' INT ')' cast_expression .

    $default  reduce using rule 54 (cast_expression)


State 140

   55 cast_expression: '(' STRING ')' cast_expression .

    $default  reduce using rule 55 (cast_expression)


State 141

   27 conditional_expression: logical_or_expression '?' expression ':' . conditional_expression

    IDENTIFIER      shift, and go to state 53
    NUM             shift, and go to state 2
    REAL            shift, and go to state 3
    STRING_LITERAL  shift, and go to state 4
    INC_OP          shift, and go to state 5
    DEC_OP          shift, and go to state 6
    '+'             shift, and go to state 15
    '-'             shift, and go to state 16
    '('             shift, and go to state 17
    '!'             shift, and go to state 18
    '~'             shift, and go to state 19

    conditional_expression     go to state 150
    logical_or_expression      go to state 27
    logical_and_expression     go to state 28
    or_expression              go to state 29
    xor_expression             go to state 30
    and_expression             go to state 31
    equality_expression        go to state 32
    relational_expression      go to state 33
    additive_expression        go to state 34
    multiplicative_expression  go to state 35
    cast_expression            go to state 36
    unary_expression           go to state 37
    postfix_expression         go to state 38
    primary_expression         go to state 39


State 142

   80 io_statement: INPUT '(' INT ')' IDENTIFIER . NEW_LINE

    NEW_LINE  shift, and go to state 151


State 143

   81 io_statement: INPUT '(' FLOAT ')' IDENTIFIER . NEW_LINE

    NEW_LINE  shift, and go to state 152


State 144

   82 io_statement: INPUT '(' STRING ')' IDENTIFIER . NEW_LINE

    NEW_LINE  shift, and go to state 153


State 145

   71 selection_statement: IF expression NEW_LINE statement_list END . NEW_LINE

    NEW_LINE  shift, and go to state 154


State 146

   72 selection_statement: IF expression NEW_LINE statement_list ELSE . NEW_LINE statement_list END NEW_LINE

    NEW_LINE  shift, and go to state 155


State 147

    9 statement: statement . error NEW_LINE
   11 statement_list: statement_list statement .

    error  shift, and go to state 71

    IDENTIFIER      reduce using rule 11 (statement_list)
    NUM             reduce using rule 11 (statement_list)
    REAL            reduce using rule 11 (statement_list)
    STRING_LITERAL  reduce using rule 11 (statement_list)
    INC_OP          reduce using rule 11 (statement_list)
    DEC_OP          reduce using rule 11 (statement_list)
    NEW_LINE        reduce using rule 11 (statement_list)
    INPUT           reduce using rule 11 (statement_list)
    PRINT           reduce using rule 11 (statement_list)
    END             reduce using rule 11 (statement_list)
    IF              reduce using rule 11 (statement_list)
    ELSE            reduce using rule 11 (statement_list)
    WHILE           reduce using rule 11 (statement_list)
    FOR             reduce using rule 11 (statement_list)
    CONTINUE        reduce using rule 11 (statement_list)
    BREAK           reduce using rule 11 (statement_list)
    '+'             reduce using rule 11 (statement_list)
    '-'             reduce using rule 11 (statement_list)
    '('             reduce using rule 11 (statement_list)
    '!'             reduce using rule 11 (statement_list)
    '~'             reduce using rule 11 (statement_list)


State 148

   11 statement_list: statement_list . statement
   74 loop_statement: WHILE expression NEW_LINE $@1 statement_list . END NEW_LINE

    IDENTIFIER      shift, and go to state 1
    NUM             shift, and go to state 2
    REAL            shift, and go to state 3
    STRING_LITERAL  shift, and go to state 4
    INC_OP          shift, and go to state 5
    DEC_OP          shift, and go to state 6
    NEW_LINE        shift, and go to state 7
    INPUT           shift, and go to state 8
    PRINT           shift, and go to state 9
    END             shift, and go to state 156
    IF              shift, and go to state 10
    WHILE           shift, and go to state 11
    FOR             shift, and go to state 12
    CONTINUE        shift, and go to state 13
    BREAK           shift, and go to state 14
    '+'             shift, and go to state 15
    '-'             shift, and go to state 16
    '('             shift, and go to state 17
    '!'             shift, and go to state 18
    '~'             shift, and go to state 19

    statement                  go to state 147
    expression_statement       go to state 23
    expression                 go to state 24
    assignment_expression      go to state 25
    conditional_expression     go to state 26
    logical_or_expression      go to state 27
    logical_and_expression     go to state 28
    or_expression              go to state 29
    xor_expression             go to state 30
    and_expression             go to state 31
    equality_expression        go to state 32
    relational_expression      go to state 33
    additive_expression        go to state 34
    multiplicative_expression  go to state 35
    cast_expression            go to state 36
    unary_expression           go to state 37
    postfix_expression         go to state 38
    primary_expression         go to state 39
    selection_statement        go to state 40
    loop_statement             go to state 41
    jump_statement             go to state 42
    io_statement               go to state 43


State 149

   76 loop_statement: FOR IDENTIFIER '=' expression TO . expression NEW_LINE $@2 statement_list END NEW_LINE

    IDENTIFIER      shift, and go to state 1
    NUM             shift, and go to state 2
    REAL            shift, and go to state 3
    STRING_LITERAL  shift, and go to state 4
    INC_OP          shift, and go to state 5
    DEC_OP          shift, and go to state 6
    '+'             shift, and go to state 15
    '-'             shift, and go to state 16
    '('             shift, and go to state 17
    '!'             shift, and go to state 18
    '~'             shift, and go to state 19

    expression                 go to state 157
    assignment_expression      go to state 25
    conditional_expression     go to state 26
    logical_or_expression      go to state 27
    logical_and_expression     go to state 28
    or_expression              go to state 29
    xor_expression             go to state 30
    and_expression             go to state 31
    equality_expression        go to state 32
    relational_expression      go to state 33
    additive_expression        go to state 34
    multiplicative_expression  go to state 35
    cast_expression            go to state 36
    unary_expression           go to state 37
    postfix_expression         go to state 38
    primary_expression         go to state 39


State 150

   27 conditional_expression: logical_or_expression '?' expression ':' conditional_expression .

    $default  reduce using rule 27 (conditional_expression)


State 151

   80 io_statement: INPUT '(' INT ')' IDENTIFIER NEW_LINE .

    $default  reduce using rule 80 (io_statement)


State 152

   81 io_statement: INPUT '(' FLOAT ')' IDENTIFIER NEW_LINE .

    $default  reduce using rule 81 (io_statement)


State 153

   82 io_statement: INPUT '(' STRING ')' IDENTIFIER NEW_LINE .

    $default  reduce using rule 82 (io_statement)


State 154

   71 selection_statement: IF expression NEW_LINE statement_list END NEW_LINE .

    $default  reduce using rule 71 (selection_statement)


State 155

   72 selection_statement: IF expression NEW_LINE statement_list ELSE NEW_LINE . statement_list END NEW_LINE

    IDENTIFIER      shift, and go to state 1
    NUM             shift, and go to state 2
    REAL            shift, and go to state 3
    STRING_LITERAL  shift, and go to state 4
    INC_OP          shift, and go to state 5
    DEC_OP          shift, and go to state 6
    NEW_LINE        shift, and go to state 7
    INPUT           shift, and go to state 8
    PRINT           shift, and go to state 9
    IF              shift, and go to state 10
    WHILE           shift, and go to state 11
    FOR             shift, and go to state 12
    CONTINUE        shift, and go to state 13
    BREAK           shift, and go to state 14
    '+'             shift, and go to state 15
    '-'             shift, and go to state 16
    '('             shift, and go to state 17
    '!'             shift, and go to state 18
    '~'             shift, and go to state 19

    statement                  go to state 135
    statement_list             go to state 158
    expression_statement       go to state 23
    expression                 go to state 24
    assignment_expression      go to state 25
    conditional_expression     go to state 26
    logical_or_expression      go to state 27
    logical_and_expression     go to state 28
    or_expression              go to state 29
    xor_expression             go to state 30
    and_expression             go to state 31
    equality_expression        go to state 32
    relational_expression      go to state 33
    additive_expression        go to state 34
    multiplicative_expression  go to state 35
    cast_expression            go to state 36
    unary_expression           go to state 37
    postfix_expression         go to state 38
    primary_expression         go to state 39
    selection_statement        go to state 40
    loop_statement             go to state 41
    jump_statement             go to state 42
    io_statement               go to state 43


State 156

   74 loop_statement: WHILE expression NEW_LINE $@1 statement_list END . NEW_LINE

    NEW_LINE  shift, and go to state 159


State 157

   15 expression: expression . ',' assignment_expression
   76 loop_statement: FOR IDENTIFIER '=' expression TO expression . NEW_LINE $@2 statement_list END NEW_LINE

    NEW_LINE  shift, and go to state 160
    ','       shift, and go to state 73


State 158

   11 statement_list: statement_list . statement
   72 selection_statement: IF expression NEW_LINE statement_list ELSE NEW_LINE statement_list . END NEW_LINE

    IDENTIFIER      shift, and go to state 1
    NUM             shift, and go to state 2
    REAL            shift, and go to state 3
    STRING_LITERAL  shift, and go to state 4
    INC_OP          shift, and go to state 5
    DEC_OP          shift, and go to state 6
    NEW_LINE        shift, and go to state 7
    INPUT           shift, and go to state 8
    PRINT           shift, and go to state 9
    END             shift, and go to state 161
    IF              shift, and go to state 10
    WHILE           shift, and go to state 11
    FOR             shift, and go to state 12
    CONTINUE        shift, and go to state 13
    BREAK           shift, and go to state 14
    '+'             shift, and go to state 15
    '-'             shift, and go to state 16
    '('             shift, and go to state 17
    '!'             shift, and go to state 18
    '~'             shift, and go to state 19

    statement                  go to state 147
    expression_statement       go to state 23
    expression                 go to state 24
    assignment_expression      go to state 25
    conditional_expression     go to state 26
    logical_or_expression      go to state 27
    logical_and_expression     go to state 28
    or_expression              go to state 29
    xor_expression             go to state 30
    and_expression             go to state 31
    equality_expression        go to state 32
    relational_expression      go to state 33
    additive_expression        go to state 34
    multiplicative_expression  go to state 35
    cast_expression            go to state 36
    unary_expression           go to state 37
    postfix_expression         go to state 38
    primary_expression         go to state 39
    selection_statement        go to state 40
    loop_statement             go to state 41
    jump_statement             go to state 42
    io_statement               go to state 43


State 159

   74 loop_statement: WHILE expression NEW_LINE $@1 statement_list END NEW_LINE .

    $default  reduce using rule 74 (loop_statement)


State 160

   76 loop_statement: FOR IDENTIFIER '=' expression TO expression NEW_LINE . $@2 statement_list END NEW_LINE

    $default  reduce using rule 75 ($@2)

    $@2  go to state 162


State 161

   72 selection_statement: IF expression NEW_LINE statement_list ELSE NEW_LINE statement_list END . NEW_LINE

    NEW_LINE  shift, and go to state 163


State 162

   76 loop_statement: FOR IDENTIFIER '=' expression TO expression NEW_LINE $@2 . statement_list END NEW_LINE

    IDENTIFIER      shift, and go to state 1
    NUM             shift, and go to state 2
    REAL            shift, and go to state 3
    STRING_LITERAL  shift, and go to state 4
    INC_OP          shift, and go to state 5
    DEC_OP          shift, and go to state 6
    NEW_LINE        shift, and go to state 7
    INPUT           shift, and go to state 8
    PRINT           shift, and go to state 9
    IF              shift, and go to state 10
    WHILE           shift, and go to state 11
    FOR             shift, and go to state 12
    CONTINUE        shift, and go to state 13
    BREAK           shift, and go to state 14
    '+'             shift, and go to state 15
    '-'             shift, and go to state 16
    '('             shift, and go to state 17
    '!'             shift, and go to state 18
    '~'             shift, and go to state 19

    statement                  go to state 135
    statement_list             go to state 164
    expression_statement       go to state 23
    expression                 go to state 24
    assignment_expression      go to state 25
    conditional_expression     go to state 26
    logical_or_expression      go to state 27
    logical_and_expression     go to state 28
    or_expression              go to state 29
    xor_expression             go to state 30
    and_expression             go to state 31
    equality_expression        go to state 32
    relational_expression      go to state 33
    additive_expression        go to state 34
    multiplicative_expression  go to state 35
    cast_expression            go to state 36
    unary_expression           go to state 37
    postfix_expression         go to state 38
    primary_expression         go to state 39
    selection_statement        go to state 40
    loop_statement             go to state 41
    jump_statement             go to state 42
    io_statement               go to state 43


State 163

   72 selection_statement: IF expression NEW_LINE statement_list ELSE NEW_LINE statement_list END NEW_LINE .

    $default  reduce using rule 72 (selection_statement)


State 164

   11 statement_list: statement_list . statement
   76 loop_statement: FOR IDENTIFIER '=' expression TO expression NEW_LINE $@2 statement_list . END NEW_LINE

    IDENTIFIER      shift, and go to state 1
    NUM             shift, and go to state 2
    REAL            shift, and go to state 3
    STRING_LITERAL  shift, and go to state 4
    INC_OP          shift, and go to state 5
    DEC_OP          shift, and go to state 6
    NEW_LINE        shift, and go to state 7
    INPUT           shift, and go to state 8
    PRINT           shift, and go to state 9
    END             shift, and go to state 165
    IF              shift, and go to state 10
    WHILE           shift, and go to state 11
    FOR             shift, and go to state 12
    CONTINUE        shift, and go to state 13
    BREAK           shift, and go to state 14
    '+'             shift, and go to state 15
    '-'             shift, and go to state 16
    '('             shift, and go to state 17
    '!'             shift, and go to state 18
    '~'             shift, and go to state 19

    statement                  go to state 147
    expression_statement       go to state 23
    expression                 go to state 24
    assignment_expression      go to state 25
    conditional_expression     go to state 26
    logical_or_expression      go to state 27
    logical_and_expression     go to state 28
    or_expression              go to state 29
    xor_expression             go to state 30
    and_expression             go to state 31
    equality_expression        go to state 32
    relational_expression      go to state 33
    additive_expression        go to state 34
    multiplicative_expression  go to state 35
    cast_expression            go to state 36
    unary_expression           go to state 37
    postfix_expression         go to state 38
    primary_expression         go to state 39
    selection_statement        go to state 40
    loop_statement             go to state 41
    jump_statement             go to state 42
    io_statement               go to state 43


State 165

   76 loop_statement: FOR IDENTIFIER '=' expression TO expression NEW_LINE $@2 statement_list END . NEW_LINE

    NEW_LINE  shift, and go to state 166


State 166

   76 loop_statement: FOR IDENTIFIER '=' expression TO expression NEW_LINE $@2 statement_list END NEW_LINE .

    $default  reduce using rule 76 (loop_statement)
